#! /c/Source/iverilog-install/bin/vvp
:ivl_version "12.0 (devel)" "(s20150603-1539-g2693dd32b)";
:ivl_delay_selection "TYPICAL";
:vpi_time_precision - 12;
:vpi_module "C:\iverilog\lib\ivl\system.vpi";
:vpi_module "C:\iverilog\lib\ivl\vhdl_sys.vpi";
:vpi_module "C:\iverilog\lib\ivl\vhdl_textio.vpi";
:vpi_module "C:\iverilog\lib\ivl\v2005_math.vpi";
:vpi_module "C:\iverilog\lib\ivl\va_math.vpi";
S_00000234360f9970 .scope module, "Olivia" "Olivia" 2 4;
 .timescale -9 -12;
    .port_info 0 /INPUT 1 "clk";
    .port_info 1 /INPUT 1 "rst";
L_0000023436108ca0 .functor BUFZ 64, L_0000023436155930, C4<0000000000000000000000000000000000000000000000000000000000000000>, C4<0000000000000000000000000000000000000000000000000000000000000000>, C4<0000000000000000000000000000000000000000000000000000000000000000>;
v000002343610b870_0 .net "adder_out", 63 0, L_0000023436155930;  1 drivers
o000002343610bfa8 .functor BUFZ 1, C4<z>; HiZ drive
v000002343610b910_0 .net "clk", 0 0, o000002343610bfa8;  0 drivers
v000002343610b9b0_0 .net "pc_in", 63 0, L_0000023436108ca0;  1 drivers
v00000234361551b0_0 .net "pc_out", 63 0, v0000023436107140_0;  1 drivers
o000002343610c038 .functor BUFZ 1, C4<z>; HiZ drive
v0000023436155250_0 .net "rst", 0 0, o000002343610c038;  0 drivers
S_0000023436106fb0 .scope module, "pc" "ProgramCounter" 2 18, 3 3 0, S_00000234360f9970;
 .timescale -9 -12;
    .port_info 0 /INPUT 1 "clk";
    .port_info 1 /INPUT 1 "rst";
    .port_info 2 /INPUT 64 "pc_in";
    .port_info 3 /OUTPUT 64 "pc_out";
v00000234360fbb80_0 .net "clk", 0 0, o000002343610bfa8;  alias, 0 drivers
v00000234360fd6d0_0 .net "pc_in", 63 0, L_0000023436108ca0;  alias, 1 drivers
v0000023436107140_0 .var "pc_out", 63 0;
v00000234361071e0_0 .net "rst", 0 0, o000002343610c038;  alias, 0 drivers
E_00000234360f63f0 .event posedge, v00000234360fbb80_0;
S_0000023436107280 .scope module, "pcAdder" "Adder" 2 19, 4 1 0, S_00000234360f9970;
 .timescale -9 -12;
    .port_info 0 /INPUT 4 "inc";
    .port_info 1 /INPUT 64 "pc_out";
    .port_info 2 /OUTPUT 64 "adder_out";
L_000002343615e0d8 .functor BUFT 1, C4<0000000000000000000000000000000000000000000000000000000000000100>, C4<0>, C4<0>, C4<0>;
v000002343610b5f0_0 .net *"_ivl_0", 63 0, L_000002343615e0d8;  1 drivers
v000002343610b690_0 .net "adder_out", 63 0, L_0000023436155930;  alias, 1 drivers
L_000002343615e048 .functor BUFT 1, C4<0100>, C4<0>, C4<0>, C4<0>;
v000002343610b730_0 .net "inc", 3 0, L_000002343615e048;  1 drivers
v000002343610b7d0_0 .net "pc_out", 63 0, v0000023436107140_0;  alias, 1 drivers
L_0000023436155930 .arith/sum 64, v0000023436107140_0, L_000002343615e0d8;
S_00000234360f6a30 .scope module, "pc_tb" "pc_tb" 5 3;
 .timescale -9 -12;
P_00000234360f5ab0 .param/l "INC_VALUE" 0 5 15, C4<0100>;
v0000023436155d90_0 .net "adder_out", 63 0, L_0000023436155110;  1 drivers
v0000023436155390_0 .var "clk", 0 0;
v0000023436155430_0 .var "pc_in", 63 0;
v0000023436155070_0 .net "pc_out", 63 0, v0000023436155b10_0;  1 drivers
v00000234361554d0_0 .var "rst", 0 0;
S_00000234361c66d0 .scope module, "uut_adder" "Adder" 5 26, 4 1 0, S_00000234360f6a30;
 .timescale -9 -12;
    .port_info 0 /INPUT 4 "inc";
    .port_info 1 /INPUT 64 "pc_out";
    .port_info 2 /OUTPUT 64 "adder_out";
L_000002343615e120 .functor BUFT 1, C4<0000000000000000000000000000000000000000000000000000000000000100>, C4<0>, C4<0>, C4<0>;
v0000023436155f70_0 .net *"_ivl_0", 63 0, L_000002343615e120;  1 drivers
v0000023436155e30_0 .net "adder_out", 63 0, L_0000023436155110;  alias, 1 drivers
L_000002343615e090 .functor BUFT 1, C4<0100>, C4<0>, C4<0>, C4<0>;
v0000023436155ed0_0 .net "inc", 3 0, L_000002343615e090;  1 drivers
v0000023436155610_0 .net "pc_out", 63 0, v0000023436155b10_0;  alias, 1 drivers
L_0000023436155110 .arith/sum 64, v0000023436155b10_0, L_000002343615e120;
S_00000234361c6860 .scope module, "uut_pc" "ProgramCounter" 5 18, 3 3 0, S_00000234360f6a30;
 .timescale -9 -12;
    .port_info 0 /INPUT 1 "clk";
    .port_info 1 /INPUT 1 "rst";
    .port_info 2 /INPUT 64 "pc_in";
    .port_info 3 /OUTPUT 64 "pc_out";
v00000234361556b0_0 .net "clk", 0 0, v0000023436155390_0;  1 drivers
v0000023436155cf0_0 .net "pc_in", 63 0, v0000023436155430_0;  1 drivers
v0000023436155b10_0 .var "pc_out", 63 0;
v00000234361552f0_0 .net "rst", 0 0, v00000234361554d0_0;  1 drivers
E_00000234360f57b0 .event posedge, v00000234361556b0_0;
    .scope S_0000023436106fb0;
T_0 ;
    %pushi/vec4 0, 0, 64;
    %store/vec4 v0000023436107140_0, 0, 64;
    %end;
    .thread T_0;
    .scope S_0000023436106fb0;
T_1 ;
    %wait E_00000234360f63f0;
    %load/vec4 v00000234361071e0_0;
    %flag_set/vec4 8;
    %jmp/0xz  T_1.0, 8;
    %pushi/vec4 0, 0, 64;
    %assign/vec4 v0000023436107140_0, 0;
    %jmp T_1.1;
T_1.0 ;
    %load/vec4 v00000234360fd6d0_0;
    %assign/vec4 v0000023436107140_0, 0;
T_1.1 ;
    %jmp T_1;
    .thread T_1;
    .scope S_00000234361c6860;
T_2 ;
    %pushi/vec4 0, 0, 64;
    %store/vec4 v0000023436155b10_0, 0, 64;
    %end;
    .thread T_2;
    .scope S_00000234361c6860;
T_3 ;
    %wait E_00000234360f57b0;
    %load/vec4 v00000234361552f0_0;
    %flag_set/vec4 8;
    %jmp/0xz  T_3.0, 8;
    %pushi/vec4 0, 0, 64;
    %assign/vec4 v0000023436155b10_0, 0;
    %jmp T_3.1;
T_3.0 ;
    %load/vec4 v0000023436155cf0_0;
    %assign/vec4 v0000023436155b10_0, 0;
T_3.1 ;
    %jmp T_3;
    .thread T_3;
    .scope S_00000234360f6a30;
T_4 ;
    %delay 5000, 0;
    %load/vec4 v0000023436155390_0;
    %inv;
    %store/vec4 v0000023436155390_0, 0, 1;
    %jmp T_4;
    .thread T_4;
    .scope S_00000234360f6a30;
T_5 ;
    %pushi/vec4 0, 0, 1;
    %store/vec4 v0000023436155390_0, 0, 1;
    %pushi/vec4 1, 0, 1;
    %store/vec4 v00000234361554d0_0, 0, 1;
    %pushi/vec4 0, 0, 64;
    %store/vec4 v0000023436155430_0, 0, 64;
    %delay 10000, 0;
    %pushi/vec4 0, 0, 1;
    %store/vec4 v00000234361554d0_0, 0, 1;
    %delay 10000, 0;
    %pushi/vec4 8, 0, 64;
    %store/vec4 v0000023436155430_0, 0, 64;
    %delay 10000, 0;
    %delay 10000, 0;
    %load/vec4 v0000023436155d90_0;
    %cassign/vec4 v0000023436155430_0;
    %cassign/link v0000023436155430_0, v0000023436155d90_0;
    %delay 50000, 0;
    %vpi_call 5 57 "$finish" {0 0 0};
    %end;
    .thread T_5;
    .scope S_00000234360f6a30;
T_6 ;
    %vpi_call 5 62 "$monitor", "Time: %t | clk: %b | rst: %b | pc_in: %d | pc_out: %d | adder_out: %d", $time, v0000023436155390_0, v00000234361554d0_0, v0000023436155430_0, v0000023436155070_0, v0000023436155d90_0 {0 0 0};
    %end;
    .thread T_6;
# The file index is used to find the file name in the following table.
:file_names 6;
    "N/A";
    "<interactive>";
    "Olivia.v";
    "ProgramCounter.v";
    "Adder.v";
    "pc_tb.v";
