2025-06-12 11:03:21 [debug] : --------------------------------------------------------------------------------- 
2025-06-12 11:03:21 [debug] : C:\Users\chand\ARM8 
2025-06-12 11:03:21 [debug] : --------------------------------------------------------------------------------- 
2025-06-12 11:03:21 [debug] : [Logger] Previous user logs are stored in the file - C:\Users\chand\.Xilinx\Vitis\2025.1\logs\ide.log 
2025-06-12 11:03:21 [debug] : [Logger] Previous debug logs are stored in the file - C:\Users\chand\.Xilinx\Vitis\2025.1\.wsdata\ide_verbose.log 
2025-06-12 11:03:21 [debug] : [Repository Server] Executing method:getEmbeddedExampleTemplateTree with connection:(object). {"0":"request:","1":{"wrappers_":null,"arrayIndexOffset_":-1,"array":[],"pivot_":1.7976931348623157e+308,"convertedPrimitiveFields_":{}}}
2025-06-12 11:03:21 [debug] : [Application Examples Provider]  updating the embedded templates on workspace event. 
2025-06-12 11:03:21 [debug] : [Application Examples Provider] refresh requested. 
2025-06-12 11:03:21 [debug] : Received event from notification service: ON_DID_UPDATE_WORKSPACE. 
2025-06-12 11:03:21 [debug] : [Logger Client] log levelchanged to  {"0":"Info"}
2025-06-12 11:03:21 [debug] : [Logger UI]  Update Log Level  called 
2025-06-12 11:03:21 [debug] : [Application Examples Provider] common calling method requested. 
2025-06-12 11:03:21 [debug] : [Application Examples Provider] Repositories model update requested. 
2025-06-12 11:03:21 [debug] : [Application Examples Provider] Repositories model update completed. 
2025-06-12 11:03:21 [debug] : [ProjectCache] fetching projects for project-cache 
2025-06-12 11:03:21 [debug] : [Application Examples Provider] Templates model update requested. 
2025-06-12 11:03:21 [debug] : [Repository Service] Executing method:getEmbeddedExampleTemplateTree from frontend. {"0":"request:"}
2025-06-12 11:03:21 [debug] : [Application Examples Provider] Templates model update completed. 
2025-06-12 11:03:21 [debug] : [Application Examples Provider] common calling method completed. 
2025-06-12 11:03:21 [debug] : [Application Examples Provider] refresh completed. 
2025-06-12 11:03:21 [debug] : [Logger UI]  Update Log Level success {"0":{"success":true,"error":""}}
2025-06-12 11:03:21 [debug] : RIGEL SERVER 11:03:21 INFO  : created .gitignore file for the project C:\Users\chand\ARM8 
2025-06-12 11:03:21 [debug] : RIGEL SERVER 11:03:21 INFO  : updated workspace path: C:\Users\chand\ARM8 
2025-06-12 11:03:21 [debug] : RIGEL SERVER 11:03:21 INFO  : Marking the target connection as default Local 
2025-06-12 11:03:21 [debug] : RIGEL SERVER 11:03:21 INFO  : Marking the target connection as default Linux Agent 
2025-06-12 11:03:21 [debug] : RIGEL SERVER 11:03:21 INFO  : Marking the target connection as default XRTServer 
2025-06-12 11:03:21 [debug] : RIGEL SERVER 11:03:21 INFO  : Marking the target connection as default LinuxEmulation 
2025-06-12 11:03:21 [debug] : RIGEL SERVER 11:03:21 INFO  : Marking the target connection as default QEMU 
2025-06-12 11:03:21 [debug] : Received event from notification service: ON_DID_REFRESH_WORKSPACE_SUMMARIES. 
2025-06-12 11:03:21 [debug] : Event posted using notification server in backend. {"0":{"wrappers_":{},"arrayIndexOffset_":-1,"array":["ec51c25e-b8d0-442c-b03c-7d437045cc98",null,54,null,null,null,null,"refresh-summaries"],"pivot_":1.7976931348623157e+308,"convertedPrimitiveFields_":{}}}
2025-06-12 11:03:21 [debug] : [ProjectDecorator] tree decoration updated 
2025-06-12 11:03:21 [debug] : [ProjectCache] Project location updated to undefined 
2025-06-12 11:03:21 [debug] : [ProjectDecorator] tree decoration updated 
2025-06-12 11:03:21 [debug] : Received event from notification service: ON_STOP_ANALYSIS_PROGRESS. 
2025-06-12 11:03:21 [debug] : MonacoEditorModel.fireDidChangeContent - enter - {
  "changes": [
    {
      "range": {
        "startLineNumber": 1,
        "startColumn": 1,
        "endLineNumber": 1,
        "endColumn": 1
      },
      "rangeLength": 0,
      "text": "{\r\n    \"clangd.fallbackFlags\": []\r\n}",
      "rangeOffset": 0,
      "forceMoveMarkers": false
    }
  ],
  "eol": "\r\n",
  "isEolChange": false,
  "versionId": 2,
  "isUndoing": false,
  "isRedoing": false,
  "isFlush": false
} {"0":"file:///c:/Users/chand/ARM8/_ide/settings.json"}
2025-06-12 11:03:21 [debug] : MonacoEditorModel.markAsDirty - enter {"0":"file:///c:/Users/chand/ARM8/_ide/settings.json"}
2025-06-12 11:03:21 [debug] : MonacoEditorModel.cancelSync {"0":"file:///c:/Users/chand/ARM8/_ide/settings.json"}
2025-06-12 11:03:21 [debug] : MonacoEditorModel.markAsDirty - exit {"0":"file:///c:/Users/chand/ARM8/_ide/settings.json"}
2025-06-12 11:03:21 [debug] : MonacoEditorModel.fireDidChangeContent - exit {"0":"file:///c:/Users/chand/ARM8/_ide/settings.json"}
2025-06-12 11:03:21 [debug] : MonacoEditorModel.cancelSave {"0":"file:///c:/Users/chand/ARM8/_ide/settings.json"}
2025-06-12 11:03:21 [debug] : MonacoEditorModel.cancelSave {"0":"file:///c:/Users/chand/ARM8/_ide/settings.json"}
2025-06-12 11:03:21 [debug] : MonacoEditorModel.cancelSync {"0":"file:///c:/Users/chand/ARM8/_ide/settings.json"}
2025-06-12 11:03:21 [debug] : MonacoEditorModel.cancelSave {"0":"file:///c:/Users/chand/ARM8/_ide/settings.json"}
2025-06-12 11:03:22 [debug] : [ProjectCache] fetching projects for project-cache 
2025-06-12 11:03:22 [debug] : [ProjectDecorator] tree decoration updated 
2025-06-12 11:03:22 [debug] : [ProjectCache] Project location updated to undefined 
2025-06-12 11:03:22 [debug] : [ProjectDecorator] tree decoration updated 
2025-06-12 11:03:23 [debug] : [hosted-plugin: 31876] PLUGIN_HOST(31876): PluginManagerExtImpl/loadPlugin(C:\Xilinx\2025.1\Vitis\ide\electron-app\win64\resources\app\plugins\vitis-hls-verilog-vhdl-support-0.0.1\extension\lib\extension.js) 
2025-06-12 11:03:23 [debug] : [hosted-plugin: 31876] calling activation function on amd.vitis-hls-verilog-vhdl-support 
2025-06-12 11:03:23 [debug] : [hosted-plugin: 31876] There is no document for breakpointinput:vs.editor.ICodeEditor%3A1 
2025-06-12 11:03:24 [debug] : MonacoEditorModel.cancelSync {"0":"file:///c:/Users/chand/ARM8/ALU_Control.v"}
2025-06-12 11:03:24 [debug] : MonacoEditorModel.cancelSave {"0":"file:///c:/Users/chand/ARM8/ALU_Control.v"}
2025-06-12 11:03:24 [debug] : [hosted-plugin: 31876] TextEditor is disposed! 
2025-06-12 11:03:24 [debug] : [hosted-plugin: 31876] There is no document for breakpointinput:vs.editor.ICodeEditor%3A3 
2025-06-12 11:03:24 [debug] : [hosted-plugin: 31876] TextEditor is disposed! 
2025-06-12 11:03:31 [debug] : MonacoEditorModel.cancelSync {"0":"file:///c:/Users/chand/ARM8/ALU.v"}
2025-06-12 11:03:31 [debug] : MonacoEditorModel.cancelSave {"0":"file:///c:/Users/chand/ARM8/ALU.v"}
2025-06-12 11:03:31 [debug] : [hosted-plugin: 31876] TextEditor is disposed! 
2025-06-12 11:03:31 [debug] : [hosted-plugin: 31876] There is no document for breakpointinput:vs.editor.ICodeEditor%3A5 
2025-06-12 11:03:32 [debug] : [hosted-plugin: 31876] TextEditor is disposed! 
2025-06-12 11:03:32 [debug] : MonacoEditorModel.cancelSync {"0":"file:///c:/Users/chand/ARM8/Control_Unit.v"}
2025-06-12 11:03:32 [debug] : MonacoEditorModel.cancelSave {"0":"file:///c:/Users/chand/ARM8/Control_Unit.v"}
2025-06-12 11:03:32 [debug] : [hosted-plugin: 31876] TextEditor is disposed! 
2025-06-12 11:03:33 [debug] : [hosted-plugin: 31876] TextEditor is disposed! 
2025-06-12 11:03:33 [debug] : MonacoEditorModel.cancelSync {"0":"file:///c:/Users/chand/ARM8/olivia.mem"}
2025-06-12 11:03:33 [debug] : MonacoEditorModel.cancelSave {"0":"file:///c:/Users/chand/ARM8/olivia.mem"}
2025-06-12 11:03:33 [debug] : [hosted-plugin: 31876] TextEditor is disposed! 
2025-06-12 11:03:34 [debug] : [hosted-plugin: 31876] TextEditor is disposed! 
2025-06-12 11:03:34 [debug] : [hosted-plugin: 31876] There is no document for breakpointinput:vs.editor.ICodeEditor%3A9 
2025-06-12 11:05:21 [debug] : socked closed 
2025-06-12 11:05:21 [debug] : closing connection for 1 
2025-06-12 11:05:21 [debug] : Closing channel on service path '/localization-server'. 
2025-06-12 11:05:21 [debug] : Closing channel on service path '/os'. 
2025-06-12 11:05:21 [debug] : Closing channel on service path '/services/commands'. 
2025-06-12 11:05:21 [debug] : Closing channel on service path '/services/keyboard'. 
2025-06-12 11:05:21 [debug] : Closing channel on service path '/services/logger'. 
2025-06-12 11:05:21 [debug] : Closing channel on service path '/services/messageService'. 
2025-06-12 11:05:21 [debug] : Closing channel on service path '/services/ChannelCloseService'. 
2025-06-12 11:05:21 [debug] : Closing channel on service path '/services/startup-workspace'. 
2025-06-12 11:05:21 [debug] : Closing channel on service path '/services/rigel-workspace'. 
2025-06-12 11:05:21 [debug] : Closing channel on service path '/services/remote-filesystem'. 
2025-06-12 11:05:21 [debug] : Closing channel on service path '/services/envs'. 
2025-06-12 11:05:21 [debug] : Closing channel on service path '/services/workspace'. 
2025-06-12 11:05:21 [debug] : Closing channel on service path '/services/stopwatch'. 
2025-06-12 11:05:21 [debug] : Closing channel on service path '/services/rigel-utils'. 
2025-06-12 11:05:21 [debug] : [Rigel Utils Server] Disposing objects in backend. 
2025-06-12 11:05:21 [debug] : Closing channel on service path '/services/application'. 
2025-06-12 11:05:21 [debug] : Closing channel on service path '/services/i18n'. 
2025-06-12 11:05:21 [debug] : Closing channel on service path '/services/quickInput'. 
2025-06-12 11:05:21 [debug] : Closing channel on service path '/services/project'. 
2025-06-12 11:05:21 [debug] : Closing channel on service path '/services/component'. 
2025-06-12 11:05:21 [debug] : Closing channel on service path '/services/feature-registry'. 
2025-06-12 11:05:21 [debug] : Closing channel on service path '/services/debugger'. 
2025-06-12 11:05:21 [debug] : Closing channel on service path '/services/debug'. 
2025-06-12 11:05:21 [debug] : Closing channel on service path '/services/shell-terminal'. 
2025-06-12 11:05:21 [debug] : Closing channel on service path '/services/quickPick'. 
2025-06-12 11:05:21 [debug] : Closing channel on service path '/services/task'. 
2025-06-12 11:05:21 [debug] : a client has disconnected - removed from list: 
2025-06-12 11:05:21 [debug] : Closing channel on service path '/services/search'. 
2025-06-12 11:05:21 [debug] : Closing channel on service path '/services/hostedPlugin'. 
2025-06-12 11:05:21 [debug] : Closing channel on service path '/services/plugin-ext'. 
2025-06-12 11:05:21 [debug] : Closing channel on service path '/services/plugin-paths'. 
2025-06-12 11:05:21 [debug] : Closing channel on service path '/services/vsx-environment'. 
2025-06-12 11:05:21 [debug] : Closing channel on service path '/services/request-service'. 
2025-06-12 11:05:21 [debug] : Closing channel on service path '/services/cli-preferences'. 
2025-06-12 11:05:21 [debug] : Closing channel on service path '/services/server'. 
2025-06-12 11:05:21 [debug] : Closing channel on service path '/services/repository'. 
2025-06-12 11:05:21 [debug] : [Repository Server] Disposing objects in backend. 
2025-06-12 11:05:21 [debug] : Closing channel on service path '/services/program_flash'. 
2025-06-12 11:05:21 [debug] : [Program Flash Server] Disposing objects in backend. 
2025-06-12 11:05:21 [debug] : Closing channel on service path '/services/build'. 
2025-06-12 11:05:21 [debug] : [Build Server] Disposing objects in backend. 
2025-06-12 11:05:21 [debug] : Closing channel on service path 'services/rigel-backend-helper'. 
2025-06-12 11:05:21 [debug] : Closing channel on service path '/services/aie'. 
2025-06-12 11:05:21 [debug] : [AIE Server] Disposing objects in backend. 
2025-06-12 11:05:21 [debug] : Closing channel on service path '/services/analysis'. 
2025-06-12 11:05:21 [debug] : Closing channel on service path '/services/notification'. 
2025-06-12 11:05:21 [debug] : Closing channel on service path '/services/recent-summaries'. 
2025-06-12 11:05:21 [debug] : Closing channel on service path '/services/platform'. 
2025-06-12 11:05:21 [debug] : Closing channel on service path '/services/hls/l1library/service'. 
2025-06-12 11:05:21 [debug] : Closing channel on service path '/services/elf-reader'. 
2025-06-12 11:05:21 [debug] : [Elf Reader Server] Disposing objects in backend. 
2025-06-12 11:05:21 [debug] : Closing channel on service path '/services/rigel_explorer'. 
2025-06-12 11:05:21 [debug] : Closing channel on service path '/services/linker-script'. 
2025-06-12 11:05:21 [debug] : Closing channel on service path '/services/rigel-logger'. 
2025-06-12 11:05:21 [debug] : [Logger Server] Disposing objects in backend. 
2025-06-12 11:05:21 [debug] : Closing channel on service path '/services/vitis-hls'. 
2025-06-12 11:05:21 [debug] : Closing channel on service path '/services/device'. 
2025-06-12 11:05:21 [debug] : Closing channel on service path '/services/vcxx'. 
2025-06-12 11:05:21 [debug] : [Rigel Vcxx Server] Disposing objects in backend. 
2025-06-12 11:05:21 [debug] : Closing channel on service path '/services/mini-browser-service'. 
2025-06-12 11:05:21 [debug] : Closing channel on service path '/services/hls/report'. 
2025-06-12 11:05:21 [debug] : Closing channel on service path '/services/hls/common/data/info'. 
2025-06-12 11:05:21 [debug] : Closing channel on service path '/services/flow_navigator'. 
2025-06-12 11:05:21 [debug] : Closing channel on service path '/services/hls/common/file/service'. 
2025-06-12 11:05:21 [debug] : Closing channel on service path '/services/hls/dataflow/info'. 
2025-06-12 11:05:21 [debug] : Closing channel on service path '/services/hls/directive'. 
2025-06-12 11:05:21 [debug] : Closing channel on service path '/services/hls_flow'. 
2025-06-12 11:05:21 [debug] : [Hls Flow Server] Disposing objects in backend. 
2025-06-12 11:05:21 [debug] : Closing channel on service path '/services/project-utils'. 
2025-06-12 11:05:21 [debug] : Closing channel on service path '/services/bootgen'. 
2025-06-12 11:05:21 [debug] : Closing channel on service path '/services/cdo-utils'. 
2025-06-12 11:05:21 [debug] : Closing channel on service path '/services/report-model'. 
2025-06-12 11:05:21 [debug] : Closing channel on service path '/services/hls/wave/open'. 
2025-06-12 11:05:21 [debug] : Closing channel on service path '/services/search-in-workspace'. 
2025-06-12 11:05:21 [debug] : Closing channel on service path '/services/keyStore'. 
2025-06-12 11:05:21 [debug] : Closing channel on service path '/services/languagePackService'. 
